<?xml version="1.0" encoding="UTF-8"?>
<testsuite xmlns:xsi="http://www.w3.org/2001/XMLSchema-instance" xsi:noNamespaceSchemaLocation="https://maven.apache.org/surefire/maven-surefire-plugin/xsd/surefire-test-report.xsd" name="com.ctc.salesforce.SalesforceLoginPageObjectTest" time="63.363" tests="5" errors="0" skipped="0" failures="3">
  <properties>
[...]
</properties>
  <testcase name="createDummyEmployee" classname="com.ctc.salesforce.SalesforceLoginPageObjectTest" time="15.244"/>
  <testcase name="createEmployee" classname="com.ctc.salesforce.SalesforceLoginPageObjectTest" time="19.118">
    <failure message="no such element: Unable to locate element: {&quot;method&quot;:&quot;xpath&quot;,&quot;selector&quot;:&quot;//button[@title=&apos;Save&apos;]&quot;}&#10;  (Session info: chrome=77.0.3865.120)&#10;For documentation on this error, please visit: http://seleniumhq.org/exceptions/no_such_element.html&#10;Build info: version: &apos;3.14.0&apos;, revision: &apos;aacccce0&apos;, time: &apos;2018-08-02T20:19:58.91Z&apos;&#10;System info: host: &apos;Ignacios-MBP.localdomain&apos;, ip: &apos;fe80:0:0:0:1486:c88d:cc09:f69b%en0&apos;, os.name: &apos;Mac OS X&apos;, os.arch: &apos;x86_64&apos;, os.version: &apos;10.14.1&apos;, java.version: &apos;1.8.0_141&apos;&#10;Driver info: org.openqa.selenium.chrome.ChromeDriver&#10;Capabilities {acceptInsecureCerts: false, browserName: chrome, browserVersion: 77.0.3865.120, chrome: {chromedriverVersion: 76.0.3809.68 (420c9498db8ce..., userDataDir: /var/folders/9w/6ytrmvdd3f7...}, goog:chromeOptions: {debuggerAddress: localhost:65198}, javascriptEnabled: true, networkConnectionEnabled: false, pageLoadStrategy: normal, platform: MAC, platformName: MAC, proxy: Proxy(), setWindowRect: true, strictFileInteractability: false, timeouts: {implicit: 0, pageLoad: 300000, script: 30000}, unhandledPromptBehavior: dismiss and notify}&#10;Session ID: 585c58445306f7264441623f0cfab2b1&#10;*** Element info: {Using=xpath, value=//button[@title=&apos;Save&apos;]}" type="org.openqa.selenium.NoSuchElementException">org.openqa.selenium.NoSuchElementException: 
no such element: Unable to locate element: {"method":"xpath","selector":"//button[@title='Save']"}
  (Session info: chrome=77.0.3865.120)
For documentation on this error, please visit: http://seleniumhq.org/exceptions/no_such_element.html
Build info: version: '3.14.0', revision: 'aacccce0', time: '2018-08-02T20:19:58.91Z'
System info: host: 'Ignacios-MBP.localdomain', ip: 'fe80:0:0:0:1486:c88d:cc09:f69b%en0', os.name: 'Mac OS X', os.arch: 'x86_64', os.version: '10.14.1', java.version: '1.8.0_141'
Driver info: org.openqa.selenium.chrome.ChromeDriver
Capabilities {acceptInsecureCerts: false, browserName: chrome, browserVersion: 77.0.3865.120, chrome: {chromedriverVersion: 76.0.3809.68 (420c9498db8ce..., userDataDir: /var/folders/9w/6ytrmvdd3f7...}, goog:chromeOptions: {debuggerAddress: localhost:65198}, javascriptEnabled: true, networkConnectionEnabled: false, pageLoadStrategy: normal, platform: MAC, platformName: MAC, proxy: Proxy(), setWindowRect: true, strictFileInteractability: false, timeouts: {implicit: 0, pageLoad: 300000, script: 30000}, unhandledPromptBehavior: dismiss and notify}
Session ID: 585c58445306f7264441623f0cfab2b1
*** Element info: {Using=xpath, value=//button[@title='Save']}
	at com.ctc.salesforce.SalesforceLoginPageObjectTest.createEmployee(SalesforceLoginPageObjectTest.java:144)
</failure>
    <system-out><![CDATA[subWindowHandler------->CDwindow-107EA833C5006AD105A92A2F89ED409F
]]></system-out>
  </testcase>
  <testcase name="deleteEmployee" classname="com.ctc.salesforce.SalesforceLoginPageObjectTest" time="4.639">
    <failure message="expected [false] but found [true]" type="java.lang.AssertionError">java.lang.AssertionError: expected [false] but found [true]
	at com.ctc.salesforce.SalesforceLoginPageObjectTest.deleteEmployee(SalesforceLoginPageObjectTest.java:341)
</failure>
  </testcase>
  <testcase name="editEmployeePage" classname="com.ctc.salesforce.SalesforceLoginPageObjectTest" time="14.667">
    <failure message="no such element: Unable to locate element: {&quot;method&quot;:&quot;xpath&quot;,&quot;selector&quot;:&quot;//*[text()[contains(.,&apos;Security ID&apos;)]]&quot;}&#10;  (Session info: chrome=77.0.3865.120)&#10;For documentation on this error, please visit: http://seleniumhq.org/exceptions/no_such_element.html&#10;Build info: version: &apos;3.14.0&apos;, revision: &apos;aacccce0&apos;, time: &apos;2018-08-02T20:19:58.91Z&apos;&#10;System info: host: &apos;Ignacios-MBP.localdomain&apos;, ip: &apos;fe80:0:0:0:1486:c88d:cc09:f69b%en0&apos;, os.name: &apos;Mac OS X&apos;, os.arch: &apos;x86_64&apos;, os.version: &apos;10.14.1&apos;, java.version: &apos;1.8.0_141&apos;&#10;Driver info: org.openqa.selenium.chrome.ChromeDriver&#10;Capabilities {acceptInsecureCerts: false, browserName: chrome, browserVersion: 77.0.3865.120, chrome: {chromedriverVersion: 76.0.3809.68 (420c9498db8ce..., userDataDir: /var/folders/9w/6ytrmvdd3f7...}, goog:chromeOptions: {debuggerAddress: localhost:65198}, javascriptEnabled: true, networkConnectionEnabled: false, pageLoadStrategy: normal, platform: MAC, platformName: MAC, proxy: Proxy(), setWindowRect: true, strictFileInteractability: false, timeouts: {implicit: 0, pageLoad: 300000, script: 30000}, unhandledPromptBehavior: dismiss and notify}&#10;Session ID: 585c58445306f7264441623f0cfab2b1&#10;*** Element info: {Using=xpath, value=//*[text()[contains(.,&apos;Security ID&apos;)]]}" type="org.openqa.selenium.NoSuchElementException">org.openqa.selenium.NoSuchElementException: 
no such element: Unable to locate element: {"method":"xpath","selector":"//*[text()[contains(.,'Security ID')]]"}
  (Session info: chrome=77.0.3865.120)
For documentation on this error, please visit: http://seleniumhq.org/exceptions/no_such_element.html
Build info: version: '3.14.0', revision: 'aacccce0', time: '2018-08-02T20:19:58.91Z'
System info: host: 'Ignacios-MBP.localdomain', ip: 'fe80:0:0:0:1486:c88d:cc09:f69b%en0', os.name: 'Mac OS X', os.arch: 'x86_64', os.version: '10.14.1', java.version: '1.8.0_141'
Driver info: org.openqa.selenium.chrome.ChromeDriver
Capabilities {acceptInsecureCerts: false, browserName: chrome, browserVersion: 77.0.3865.120, chrome: {chromedriverVersion: 76.0.3809.68 (420c9498db8ce..., userDataDir: /var/folders/9w/6ytrmvdd3f7...}, goog:chromeOptions: {debuggerAddress: localhost:65198}, javascriptEnabled: true, networkConnectionEnabled: false, pageLoadStrategy: normal, platform: MAC, platformName: MAC, proxy: Proxy(), setWindowRect: true, strictFileInteractability: false, timeouts: {implicit: 0, pageLoad: 300000, script: 30000}, unhandledPromptBehavior: dismiss and notify}
Session ID: 585c58445306f7264441623f0cfab2b1
*** Element info: {Using=xpath, value=//*[text()[contains(.,'Security ID')]]}
	at com.ctc.salesforce.SalesforceLoginPageObjectTest.editEmployeePage(SalesforceLoginPageObjectTest.java:283)
</failure>
    <system-out><![CDATA[subWindowHandler------->CDwindow-107EA833C5006AD105A92A2F89ED409F
]]></system-out>
  </testcase>
  <testcase name="salesforceLogin" classname="com.ctc.salesforce.SalesforceLoginPageObjectTest" time="4.384"/>
</testsuite>